[debug] [2022-08-05T07:23:26.756Z] ----------------------------------------------------------------------
[debug] [2022-08-05T07:23:26.763Z] Command:       C:\Program Files\nodejs\node.exe C:\Program Files\nodejs\node_modules\firebase-tools\lib\bin\firebase.js init
[debug] [2022-08-05T07:23:26.764Z] CLI Version:   10.3.0
[debug] [2022-08-05T07:23:26.764Z] Platform:      win32
[debug] [2022-08-05T07:23:26.765Z] Node Version:  v14.17.5
[debug] [2022-08-05T07:23:27.025Z] Time:          Fri Aug 05 2022 15:23:26 GMT+0800 (China Standard Time)
[debug] [2022-08-05T07:23:27.025Z] ----------------------------------------------------------------------
[debug] 
[debug] [2022-08-05T07:23:27.124Z] >>> [apiv2][query] GET https://firebase-public.firebaseio.com/cli.json [none]
[debug] [2022-08-05T07:23:27.269Z] > command requires scopes: ["email","openid","https://www.googleapis.com/auth/cloudplatformprojects.readonly","https://www.googleapis.com/auth/firebase","https://www.googleapis.com/auth/cloud-platform"]
[debug] [2022-08-05T07:23:27.270Z] > authorizing via signed-in user (sheriff0613@gmail.com)
[info] 
     ######## #### ########  ######## ########     ###     ######  ########
     ##        ##  ##     ## ##       ##     ##  ##   ##  ##       ##
     ######    ##  ########  ######   ########  #########  ######  ######
     ##        ##  ##    ##  ##       ##     ## ##     ##       ## ##
     ##       #### ##     ## ######## ########  ##     ##  ######  ########

You're about to initialize a Firebase project in this directory:

  E:\Projects\Blockchain\humans\humans.io-frontend

[debug] [2022-08-05T07:23:27.975Z] <<< [apiv2][status] GET https://firebase-public.firebaseio.com/cli.json 200
[debug] [2022-08-05T07:23:27.976Z] <<< [apiv2][body] GET https://firebase-public.firebaseio.com/cli.json {"cloudBuildErrorAfter":1594252800000,"cloudBuildWarnAfter":1590019200000,"defaultNode10After":1594252800000,"minVersion":"3.0.5","node8DeploysDisabledAfter":1613390400000,"node8RuntimeDisabledAfter":1615809600000,"node8WarnAfter":1600128000000}
[info] 
=== Project Setup
[info] 
[info] First, let's associate this project directory with a Firebase project.
[info] You can create multiple project aliases by running firebase use --add, 
[info] but for now we'll just set up a default project.
[info] 
